<?xml version="1.0" encoding="UTF-8"?>
<!-- Generated by org.testng.reporters.JUnitXMLReporter -->
<testsuite hostname="DESKTOP-4MLC4R0" ignored="0" name="Different testing features Test" tests="4" failures="1" timestamp="08 May 2022 14:42:14 GMT" time="0.096" errors="0">
  <testcase name="google" time="0.014" classname="com.testng.basic.TestNGBasic"/>
  <testcase name="testCases" time="0.003" classname="com.testng.basic.TestNGBasic"/>
  <testcase name="title" time="0.002" classname="com.testng.basic.TestNGBasic"/>
  <testcase name="loginTest" time="0.003" classname="com.testng.basic.TestNGFeatures">
    <failure type="java.lang.ArithmeticException" message="/ by zero">
      <![CDATA[java.lang.ArithmeticException: / by zero
at com.testng.basic.TestNGFeatures.loginTest(TestNGFeatures.java:12)
... Removed 25 stack frames]]>
    </failure>
  </testcase> <!-- loginTest -->
</testsuite> <!-- Different testing features Test -->
